  [4;36;1mSQL (0.6ms)[0m   [0;1m SELECT name
 FROM sqlite_master
 WHERE type = 'table' AND NOT name = 'sqlite_sequence'
[0m
  [4;35;1mSQL (0.4ms)[0m   [0mselect sqlite_version(*)[0m
  [4;36;1mSQL (7.2ms)[0m   [0;1mCREATE TABLE "schema_migrations" ("version" varchar(255) NOT NULL) [0m
  [4;35;1mSQL (2.8ms)[0m   [0mCREATE UNIQUE INDEX "unique_schema_migrations" ON "schema_migrations" ("version")[0m
  [4;36;1mSQL (0.4ms)[0m   [0;1m SELECT name
 FROM sqlite_master
 WHERE type = 'table' AND NOT name = 'sqlite_sequence'
[0m
  [4;35;1mSQL (0.2ms)[0m   [0mSELECT version FROM schema_migrations[0m
Migrating to CreateBars (20090707145230)
  [4;36;1mSQL (1.0ms)[0m   [0;1mCREATE TABLE "bars" ("id" INTEGER PRIMARY KEY AUTOINCREMENT NOT NULL, "name" varchar(255), "address1" varchar(255), "address2" varchar(255), "city" varchar(255), "state" varchar(255), "zip" varchar(255), "created_at" datetime, "updated_at" datetime) [0m
  [4;35;1mSQL (0.2ms)[0m   [0mINSERT INTO schema_migrations (version) VALUES ('20090707145230')[0m
  [4;36;1mSQL (0.5ms)[0m   [0;1m SELECT name
 FROM sqlite_master
 WHERE type = 'table' AND NOT name = 'sqlite_sequence'
[0m
  [4;35;1mSQL (0.3ms)[0m   [0mSELECT version FROM schema_migrations[0m
  [4;36;1mSQL (0.4ms)[0m   [0;1m SELECT name
 FROM sqlite_master
 WHERE type = 'table' AND NOT name = 'sqlite_sequence'
[0m
  [4;35;1mSQL (0.1ms)[0m   [0mPRAGMA index_list("bars")[0m


Processing BarsController#index (for 127.0.0.1 at 2009-07-07 11:00:38) [GET]
  [4;36;1mBar Load (0.6ms)[0m   [0;1mSELECT * FROM "bars" [0m
Rendering template within layouts/bars
Rendering bars/index
Completed in 47ms (View: 35, DB: 1) | 200 OK [http://localhost/]


Processing BarsController#new (for 127.0.0.1 at 2009-07-07 11:00:45) [GET]
Rendering template within layouts/bars
Rendering bars/new
Completed in 33ms (View: 19, DB: 0) | 200 OK [http://localhost/bars/new]


Processing BarsController#create (for 127.0.0.1 at 2009-07-07 11:01:19) [POST]
  Parameters: {"commit"=>"Create", "authenticity_token"=>"WFhdoqyW3s/g2nRVTFYvLSacQC9RYO/TO59BXP6Ol+g=", "bar"=>{"city"=>"State College", "address1"=>"2 S Garner Ave", "name"=>"Bar Bleu", "zip"=>"16801", "address2"=>"", "state"=>"PA"}}
  [4;35;1mBar Create (1.2ms)[0m   [0mINSERT INTO "bars" ("name", "address1", "city", "address2", "zip", "created_at", "updated_at", "state") VALUES('Bar Bleu', '2 S Garner Ave', 'State College', '', '16801', '2009-07-07 15:01:19', '2009-07-07 15:01:19', 'PA')[0m
Redirected to http://localhost:3000/bars/1
Completed in 171ms (DB: 1) | 302 Found [http://localhost/bars]


Processing BarsController#show (for 127.0.0.1 at 2009-07-07 11:01:20) [GET]
  Parameters: {"id"=>"1"}
  [4;36;1mBar Load (0.7ms)[0m   [0;1mSELECT * FROM "bars" WHERE ("bars"."id" = 1) [0m
Rendering template within layouts/bars
Rendering bars/show
Completed in 32ms (View: 15, DB: 1) | 200 OK [http://localhost/bars/1]


Processing BarsController#index (for 127.0.0.1 at 2009-07-07 11:01:25) [GET]
  [4;35;1mBar Load (1.4ms)[0m   [0mSELECT * FROM "bars" [0m
Rendering template within layouts/bars
Rendering bars/index
Completed in 29ms (View: 14, DB: 1) | 200 OK [http://localhost/bars]


Processing BarsController#index (for 127.0.0.1 at 2009-07-07 11:07:04) [GET]
  [4;36;1mBar Load (0.9ms)[0m   [0;1mSELECT * FROM "bars" [0m
Rendering template within layouts/bars
Rendering bars/index
Completed in 27ms (View: 19, DB: 1) | 200 OK [http://localhost/bars]


Processing BarsController#index (for 127.0.0.1 at 2009-07-07 11:07:10) [GET]
  [4;35;1mBar Load (0.7ms)[0m   [0mSELECT * FROM "bars" [0m
Rendering template within layouts/bars
Rendering bars/index
Completed in 14ms (View: 7, DB: 1) | 200 OK [http://localhost/bars]


Processing BarsController#index (for 127.0.0.1 at 2009-07-07 11:07:11) [GET]
  [4;36;1mBar Load (0.7ms)[0m   [0;1mSELECT * FROM "bars" [0m
Rendering template within layouts/bars
Rendering bars/index
Completed in 19ms (View: 6, DB: 1) | 200 OK [http://localhost/bars]


Processing BarsController#index (for 127.0.0.1 at 2009-07-07 11:07:23) [GET]
  [4;35;1mBar Load (0.8ms)[0m   [0mSELECT * FROM "bars" [0m
Rendering template within layouts/bars
Rendering bars/index
Completed in 15ms (View: 7, DB: 1) | 200 OK [http://localhost/bars]


Processing BarsController#index (for 127.0.0.1 at 2009-07-07 11:07:50) [GET]
  [4;36;1mBar Load (1.4ms)[0m   [0;1mSELECT * FROM "bars" [0m
Rendering template within layouts/bars
Rendering bars/index
Completed in 28ms (View: 13, DB: 1) | 200 OK [http://localhost/bars]


Processing BarsController#index (for 127.0.0.1 at 2009-07-07 11:07:51) [GET]
  [4;35;1mBar Load (1.4ms)[0m   [0mSELECT * FROM "bars" [0m
Rendering template within layouts/bars
Rendering bars/index
Completed in 29ms (View: 13, DB: 1) | 200 OK [http://localhost/bars]


Processing BarsController#index (for 127.0.0.1 at 2009-07-07 11:08:01) [GET]
  [4;36;1mBar Load (1.4ms)[0m   [0;1mSELECT * FROM "bars" [0m
Rendering template within layouts/bars
Rendering bars/index
Completed in 22ms (View: 7, DB: 1) | 200 OK [http://localhost/bars]


Processing BarsController#index (for 127.0.0.1 at 2009-07-07 11:50:29) [GET]
  [4;36;1mBar Load (1.0ms)[0m   [0;1mSELECT * FROM "bars" [0m
Rendering template within layouts/bars
Rendering bars/index
Completed in 28ms (View: 20, DB: 1) | 200 OK [http://localhost/bars]


Processing ApplicationController#index (for 127.0.0.1 at 2009-07-07 11:50:34) [GET]

ActionController::RoutingError (No route matches "/deals" with {:method=>:get}):
  /usr/lib/ruby/1.8/webrick/httpserver.rb:104:in `service'
  /usr/lib/ruby/1.8/webrick/httpserver.rb:65:in `run'
  /usr/lib/ruby/1.8/webrick/server.rb:173:in `start_thread'
  /usr/lib/ruby/1.8/webrick/server.rb:162:in `start'
  /usr/lib/ruby/1.8/webrick/server.rb:162:in `start_thread'
  /usr/lib/ruby/1.8/webrick/server.rb:95:in `start'
  /usr/lib/ruby/1.8/webrick/server.rb:92:in `each'
  /usr/lib/ruby/1.8/webrick/server.rb:92:in `start'
  /usr/lib/ruby/1.8/webrick/server.rb:23:in `start'
  /usr/lib/ruby/1.8/webrick/server.rb:82:in `start'

Rendering rescues/layout (not_found)
  [4;36;1mSQL (0.7ms)[0m   [0;1m SELECT name
 FROM sqlite_master
 WHERE type = 'table' AND NOT name = 'sqlite_sequence'
[0m
  [4;35;1mSQL (0.2ms)[0m   [0mSELECT version FROM schema_migrations[0m
Migrating to CreateBars (20090707145230)
Migrating to CreateDeals (20090707155730)
  [4;36;1mSQL (0.1ms)[0m   [0;1mselect sqlite_version(*)[0m
  [4;35;1mSQL (0.7ms)[0m   [0mCREATE TABLE "deals" ("id" INTEGER PRIMARY KEY AUTOINCREMENT NOT NULL, "bar_id" integer, "body" text, "created_at" datetime, "updated_at" datetime) [0m
  [4;36;1mSQL (0.1ms)[0m   [0;1mINSERT INTO schema_migrations (version) VALUES ('20090707155730')[0m
  [4;35;1mSQL (0.5ms)[0m   [0m SELECT name
 FROM sqlite_master
 WHERE type = 'table' AND NOT name = 'sqlite_sequence'
[0m
  [4;36;1mSQL (0.2ms)[0m   [0;1mSELECT version FROM schema_migrations[0m
  [4;35;1mSQL (0.3ms)[0m   [0m SELECT name
 FROM sqlite_master
 WHERE type = 'table' AND NOT name = 'sqlite_sequence'
[0m
  [4;36;1mSQL (0.1ms)[0m   [0;1mPRAGMA index_list("bars")[0m
  [4;35;1mSQL (0.1ms)[0m   [0mPRAGMA index_list("deals")[0m


Processing DealsController#index (for 127.0.0.1 at 2009-07-07 11:58:40) [GET]
  [4;36;1mDeal Load (0.6ms)[0m   [0;1mSELECT * FROM "deals" [0m
Rendering template within layouts/deals
Rendering deals/index
Completed in 21ms (View: 13, DB: 1) | 200 OK [http://localhost/deals]


Processing DealsController#new (for 127.0.0.1 at 2009-07-07 11:58:42) [GET]
Rendering template within layouts/deals
Rendering deals/new
Completed in 17ms (View: 9, DB: 0) | 200 OK [http://localhost/deals/new]


Processing DealsController#create (for 127.0.0.1 at 2009-07-07 11:58:51) [POST]
  Parameters: {"commit"=>"Create", "deal"=>{"body"=>"thos", "bar_id"=>"0"}, "authenticity_token"=>"WFhdoqyW3s/g2nRVTFYvLSacQC9RYO/TO59BXP6Ol+g="}
  [4;35;1mDeal Create (0.7ms)[0m   [0mINSERT INTO "deals" ("created_at", "body", "updated_at", "bar_id") VALUES('2009-07-07 15:58:51', 'thos', '2009-07-07 15:58:51', 0)[0m
Redirected to http://localhost:3000/deals/1
Completed in 108ms (DB: 1) | 302 Found [http://localhost/deals]


Processing DealsController#show (for 127.0.0.1 at 2009-07-07 11:58:51) [GET]
  Parameters: {"id"=>"1"}
  [4;36;1mDeal Load (0.4ms)[0m   [0;1mSELECT * FROM "deals" WHERE ("deals"."id" = 1) [0m
Rendering template within layouts/deals
Rendering deals/show
Completed in 17ms (View: 8, DB: 0) | 200 OK [http://localhost/deals/1]


Processing DealsController#index (for 127.0.0.1 at 2009-07-07 11:58:55) [GET]
  [4;35;1mDeal Load (1.2ms)[0m   [0mSELECT * FROM "deals" [0m
Rendering template within layouts/deals
Rendering deals/index
Completed in 26ms (View: 11, DB: 1) | 200 OK [http://localhost/deals]


Processing DealsController#new (for 127.0.0.1 at 2009-07-07 11:58:55) [GET]
Rendering template within layouts/deals
Rendering deals/new
Completed in 25ms (View: 9, DB: 0) | 200 OK [http://localhost/deals/new]


Processing DealsController#index (for 127.0.0.1 at 2009-07-07 11:58:59) [GET]
  [4;36;1mDeal Load (1.2ms)[0m   [0;1mSELECT * FROM "deals" [0m
Rendering template within layouts/deals
Rendering deals/index
Completed in 25ms (View: 11, DB: 1) | 200 OK [http://localhost/deals]


Processing DealsController#new (for 127.0.0.1 at 2009-07-07 11:59:09) [GET]
Rendering template within layouts/deals
Rendering deals/new
Completed in 24ms (View: 8, DB: 0) | 200 OK [http://localhost/deals/new]


Processing DealsController#create (for 127.0.0.1 at 2009-07-07 12:09:10) [POST]
  Parameters: {"commit"=>"Create", "deal"=>{"body"=>"sdfs", "bar_id"=>"bar blewww"}, "authenticity_token"=>"WFhdoqyW3s/g2nRVTFYvLSacQC9RYO/TO59BXP6Ol+g="}
  [4;35;1mDeal Create (0.4ms)[0m   [0mINSERT INTO "deals" ("created_at", "body", "updated_at", "bar_id") VALUES('2009-07-07 16:09:10', 'sdfs', '2009-07-07 16:09:10', 0)[0m
Redirected to http://localhost:3000/deals/2
Completed in 16ms (DB: 0) | 302 Found [http://localhost/deals]


Processing DealsController#show (for 127.0.0.1 at 2009-07-07 12:09:10) [GET]
  Parameters: {"id"=>"2"}
  [4;36;1mDeal Load (0.3ms)[0m   [0;1mSELECT * FROM "deals" WHERE ("deals"."id" = 2) [0m
Rendering template within layouts/deals
Rendering deals/show
Completed in 13ms (View: 3, DB: 0) | 200 OK [http://localhost/deals/2]


Processing DealsController#index (for 127.0.0.1 at 2009-07-07 12:09:13) [GET]
  [4;35;1mDeal Load (1.4ms)[0m   [0mSELECT * FROM "deals" [0m
Rendering template within layouts/deals
Rendering deals/index
Completed in 28ms (View: 13, DB: 1) | 200 OK [http://localhost/deals]


Processing BarsController#index (for 127.0.0.1 at 2009-07-07 12:09:38) [GET]
  [4;36;1mBar Load (0.8ms)[0m   [0;1mSELECT * FROM "bars" [0m
Rendering template within layouts/bars
Rendering bars/index
Completed in 27ms (View: 19, DB: 1) | 200 OK [http://localhost/bars]


Processing BarsController#index (for 127.0.0.1 at 2009-07-07 12:11:46) [GET]
  [4;35;1mBar Load (1.6ms)[0m   [0mSELECT * FROM "bars" [0m
Rendering template within layouts/bars
Rendering bars/index
Completed in 29ms (View: 14, DB: 2) | 200 OK [http://localhost/bars]


Processing BarsController#index (for 127.0.0.1 at 2009-07-07 12:15:08) [GET]
  [4;36;1mBar Load (0.7ms)[0m   [0;1mSELECT * FROM "bars" [0m
Rendering template within layouts/bars
Rendering bars/index
Completed in 81ms (View: 73, DB: 1) | 200 OK [http://localhost/bars]


Processing BarsController#index (for 127.0.0.1 at 2009-07-07 12:15:08) [GET]
  [4;35;1mBar Load (1.5ms)[0m   [0mSELECT * FROM "bars" [0m
Rendering template within layouts/bars
Rendering bars/index
Completed in 29ms (View: 14, DB: 1) | 200 OK [http://localhost/bars]


Processing BarsController#index (for 127.0.0.1 at 2009-07-07 12:16:31) [GET]
  [4;36;1mBar Load (1.4ms)[0m   [0;1mSELECT * FROM "bars" [0m
Rendering template within layouts/bars
Rendering bars/index
Completed in 29ms (View: 14, DB: 1) | 200 OK [http://localhost/bars]


Processing BarsController#index (for 127.0.0.1 at 2009-07-07 12:16:32) [GET]
  [4;35;1mBar Load (0.8ms)[0m   [0mSELECT * FROM "bars" [0m
Rendering template within layouts/bars
Rendering bars/index
Completed in 20ms (View: 7, DB: 1) | 200 OK [http://localhost/bars]


Processing BarsController#index (for 127.0.0.1 at 2009-07-07 12:16:33) [GET]
  [4;36;1mBar Load (1.6ms)[0m   [0;1mSELECT * FROM "bars" [0m
Rendering template within layouts/bars
Rendering bars/index
Completed in 29ms (View: 14, DB: 2) | 200 OK [http://localhost/bars]


Processing BarsController#index (for 127.0.0.1 at 2009-07-07 12:18:11) [GET]
  [4;35;1mBar Load (1.5ms)[0m   [0mSELECT * FROM "bars" [0m
Rendering template within layouts/bars
Rendering bars/index
Completed in 28ms (View: 14, DB: 1) | 200 OK [http://localhost/bars]


Processing BarsController#index (for 127.0.0.1 at 2009-07-07 12:19:28) [GET]
  [4;36;1mBar Load (1.4ms)[0m   [0;1mSELECT * FROM "bars" [0m
Rendering template within layouts/bars
Rendering bars/index
Completed in 29ms (View: 14, DB: 1) | 200 OK [http://localhost/bars]


Processing BarsController#index (for 127.0.0.1 at 2009-07-07 12:19:30) [GET]
  [4;35;1mBar Load (1.5ms)[0m   [0mSELECT * FROM "bars" [0m
Rendering template within layouts/bars
Rendering bars/index
Completed in 28ms (View: 13, DB: 1) | 200 OK [http://localhost/bars]


Processing BarsController#index (for 127.0.0.1 at 2009-07-07 12:20:37) [GET]
  [4;36;1mBar Load (1.4ms)[0m   [0;1mSELECT * FROM "bars" [0m
Rendering template within layouts/bars
Rendering bars/index
Completed in 29ms (View: 14, DB: 1) | 200 OK [http://localhost/bars]


Processing BarsController#index (for 127.0.0.1 at 2009-07-07 12:20:39) [GET]
  [4;35;1mBar Load (0.7ms)[0m   [0mSELECT * FROM "bars" [0m
Rendering template within layouts/bars
Rendering bars/index
Completed in 15ms (View: 7, DB: 1) | 200 OK [http://localhost/bars]


Processing BarsController#index (for 127.0.0.1 at 2009-07-07 12:26:34) [GET]
  [4;36;1mBar Load (1.4ms)[0m   [0;1mSELECT * FROM "bars" [0m
Rendering template within layouts/bars
Rendering bars/index
Completed in 42ms (View: 27, DB: 1) | 200 OK [http://localhost/bars]


Processing BarsController#index (for 127.0.0.1 at 2009-07-07 12:26:35) [GET]
  [4;35;1mBar Load (0.7ms)[0m   [0mSELECT * FROM "bars" [0m
Rendering template within layouts/bars
Rendering bars/index
Completed in 14ms (View: 7, DB: 1) | 200 OK [http://localhost/bars]


Processing BarsController#index (for 127.0.0.1 at 2009-07-07 12:26:48) [GET]
  [4;36;1mBar Load (1.5ms)[0m   [0;1mSELECT * FROM "bars" [0m
Rendering template within layouts/bars
Rendering bars/index
Completed in 38ms (View: 22, DB: 1) | 200 OK [http://localhost/bars]


Processing BarsController#index (for 127.0.0.1 at 2009-07-07 12:26:58) [GET]
  [4;35;1mBar Load (0.7ms)[0m   [0mSELECT * FROM "bars" [0m
Rendering template within layouts/bars
Rendering bars/index
Completed in 18ms (View: 11, DB: 1) | 200 OK [http://localhost/bars]


Processing BarsController#index (for 127.0.0.1 at 2009-07-07 12:27:05) [GET]
  [4;36;1mBar Load (1.4ms)[0m   [0;1mSELECT * FROM "bars" [0m
Rendering template within layouts/bars
Rendering bars/index
Completed in 37ms (View: 22, DB: 1) | 200 OK [http://localhost/bars]


Processing BarsController#index (for 127.0.0.1 at 2009-07-07 12:27:06) [GET]
  [4;35;1mBar Load (0.7ms)[0m   [0mSELECT * FROM "bars" [0m
Rendering template within layouts/bars
Rendering bars/index
Completed in 18ms (View: 7, DB: 1) | 200 OK [http://localhost/bars]


Processing BarsController#index (for 127.0.0.1 at 2009-07-07 12:29:43) [GET]
  [4;36;1mBar Load (1.4ms)[0m   [0;1mSELECT * FROM "bars" [0m
Rendering template within layouts/bars
Rendering bars/index
Completed in 39ms (View: 23, DB: 1) | 200 OK [http://localhost/bars]


Processing BarsController#new (for 127.0.0.1 at 2009-07-07 12:30:19) [GET]
Rendering template within layouts/bars
Rendering bars/new
Completed in 21ms (View: 11, DB: 0) | 200 OK [http://localhost/bars/new]


Processing BarsController#create (for 127.0.0.1 at 2009-07-07 12:30:40) [POST]
  Parameters: {"commit"=>"Create", "authenticity_token"=>"WFhdoqyW3s/g2nRVTFYvLSacQC9RYO/TO59BXP6Ol+g=", "bar"=>{"city"=>"State College", "address1"=>"223 College Ave.", "name"=>"The Saloon", "zip"=>"16801", "address2"=>"", "state"=>"PA"}}
  [4;35;1mBar Create (0.7ms)[0m   [0mINSERT INTO "bars" ("name", "address1", "city", "address2", "zip", "created_at", "updated_at", "state") VALUES('The Saloon', '223 College Ave.', 'State College', '', '16801', '2009-07-07 16:30:40', '2009-07-07 16:30:40', 'PA')[0m
Redirected to http://localhost:3000/bars/2
Completed in 33ms (DB: 1) | 302 Found [http://localhost/bars]


Processing BarsController#show (for 127.0.0.1 at 2009-07-07 12:30:40) [GET]
  Parameters: {"id"=>"2"}
  [4;36;1mBar Load (0.4ms)[0m   [0;1mSELECT * FROM "bars" WHERE ("bars"."id" = 2) [0m
Rendering template within layouts/bars
Rendering bars/show
Completed in 18ms (View: 8, DB: 0) | 200 OK [http://localhost/bars/2]


Processing BarsController#index (for 127.0.0.1 at 2009-07-07 12:30:43) [GET]
  [4;35;1mBar Load (1.8ms)[0m   [0mSELECT * FROM "bars" [0m
Rendering template within layouts/bars
Rendering bars/index
Completed in 31ms (View: 15, DB: 2) | 200 OK [http://localhost/bars]


Processing BarsController#index (for 127.0.0.1 at 2009-07-07 12:33:20) [GET]
  [4;36;1mBar Load (1.7ms)[0m   [0;1mSELECT * FROM "bars" [0m
Rendering template within layouts/bars
Rendering bars/index
Completed in 40ms (View: 25, DB: 2) | 200 OK [http://localhost/bars]


Processing BarsController#index (for 127.0.0.1 at 2009-07-07 12:33:21) [GET]
  [4;35;1mBar Load (1.7ms)[0m   [0mSELECT * FROM "bars" [0m
Rendering template within layouts/bars
Rendering bars/index
Completed in 31ms (View: 16, DB: 2) | 200 OK [http://localhost/bars]


Processing BarsController#index (for 127.0.0.1 at 2009-07-07 12:34:34) [GET]
  [4;36;1mBar Load (1.7ms)[0m   [0;1mSELECT * FROM "bars" [0m
Rendering template within layouts/bars
Rendering bars/index
Completed in 40ms (View: 24, DB: 2) | 200 OK [http://localhost/bars]


Processing BarsController#index (for 127.0.0.1 at 2009-07-07 12:35:02) [GET]
  [4;35;1mBar Load (1.7ms)[0m   [0mSELECT * FROM "bars" [0m
Rendering template within layouts/bars
Rendering bars/index
Completed in 34ms (View: 19, DB: 2) | 200 OK [http://localhost/bars]


Processing BarsController#index (for 127.0.0.1 at 2009-07-07 12:35:24) [GET]
  [4;36;1mBar Load (1.7ms)[0m   [0;1mSELECT * FROM "bars" [0m
Rendering template within layouts/bars
Rendering bars/index
Completed in 41ms (View: 25, DB: 2) | 200 OK [http://localhost/bars]


Processing BarsController#index (for 127.0.0.1 at 2009-07-07 12:35:46) [GET]
  [4;35;1mBar Load (1.8ms)[0m   [0mSELECT * FROM "bars" [0m
Rendering template within layouts/bars
Rendering bars/index
Completed in 41ms (View: 25, DB: 2) | 200 OK [http://localhost/bars]


Processing BarsController#show (for 127.0.0.1 at 2009-07-07 12:36:39) [GET]
  Parameters: {"id"=>"1"}
  [4;36;1mBar Load (0.4ms)[0m   [0;1mSELECT * FROM "bars" WHERE ("bars"."id" = 1) [0m
Rendering template within layouts/bars
Rendering bars/show
Completed in 13ms (View: 4, DB: 0) | 200 OK [http://localhost/bars/1]


Processing BarsController#show (for 127.0.0.1 at 2009-07-07 12:39:30) [GET]
  Parameters: {"id"=>"1"}
  [4;35;1mBar Load (0.8ms)[0m   [0mSELECT * FROM "bars" WHERE ("bars"."id" = 1) [0m
Rendering template within layouts/bars
Rendering bars/show
Completed in 27ms (View: 8, DB: 1) | 200 OK [http://localhost/bars/1]


Processing BarsController#show (for 127.0.0.1 at 2009-07-07 12:40:44) [GET]
  Parameters: {"id"=>"1"}
  [4;36;1mBar Load (0.8ms)[0m   [0;1mSELECT * FROM "bars" WHERE ("bars"."id" = 1) [0m
Rendering template within layouts/bars
Rendering bars/show
Completed in 26ms (View: 7, DB: 1) | 200 OK [http://localhost/bars/1]


Processing BarsController#show (for 127.0.0.1 at 2009-07-07 12:40:45) [GET]
  Parameters: {"id"=>"1"}
  [4;35;1mBar Load (0.9ms)[0m   [0mSELECT * FROM "bars" WHERE ("bars"."id" = 1) [0m
Rendering template within layouts/bars
Rendering bars/show
Completed in 27ms (View: 7, DB: 1) | 200 OK [http://localhost/bars/1]


Processing BarsController#show (for 127.0.0.1 at 2009-07-07 12:43:07) [GET]
  Parameters: {"id"=>"1"}
  [4;36;1mBar Load (0.8ms)[0m   [0;1mSELECT * FROM "bars" WHERE ("bars"."id" = 1) [0m
Rendering template within layouts/bars
Rendering bars/show
Completed in 34ms (View: 16, DB: 1) | 200 OK [http://localhost/bars/1]


Processing BarsController#show (for 127.0.0.1 at 2009-07-07 12:44:14) [GET]
  Parameters: {"id"=>"1"}
  [4;35;1mBar Load (0.8ms)[0m   [0mSELECT * FROM "bars" WHERE ("bars"."id" = 1) [0m
Rendering template within layouts/bars
Rendering bars/show
Completed in 127ms (View: 108, DB: 1) | 200 OK [http://localhost/bars/1]


Processing BarsController#show (for 127.0.0.1 at 2009-07-07 12:45:27) [GET]
  Parameters: {"id"=>"1"}
  [4;36;1mBar Load (0.9ms)[0m   [0;1mSELECT * FROM "bars" WHERE ("bars"."id" = 1) [0m
Rendering template within layouts/bars
Rendering bars/show
Completed in 36ms (View: 16, DB: 1) | 200 OK [http://localhost/bars/1]


Processing BarsController#show (for 127.0.0.1 at 2009-07-07 12:45:45) [GET]
  Parameters: {"id"=>"1"}
  [4;35;1mBar Load (0.8ms)[0m   [0mSELECT * FROM "bars" WHERE ("bars"."id" = 1) [0m
Rendering template within layouts/bars
Rendering bars/show
Completed in 34ms (View: 15, DB: 1) | 200 OK [http://localhost/bars/1]


Processing BarsController#index (for 127.0.0.1 at 2009-07-07 12:45:48) [GET]
  [4;36;1mBar Load (1.8ms)[0m   [0;1mSELECT * FROM "bars" [0m
Rendering template within layouts/bars
Rendering bars/index
Completed in 39ms (View: 23, DB: 2) | 200 OK [http://localhost/bars]


Processing BarsController#show (for 127.0.0.1 at 2009-07-07 12:45:50) [GET]
  Parameters: {"id"=>"1"}
  [4;35;1mBar Load (0.8ms)[0m   [0mSELECT * FROM "bars" WHERE ("bars"."id" = 1) [0m
Rendering template within layouts/bars
Rendering bars/show
Completed in 26ms (View: 8, DB: 1) | 200 OK [http://localhost/bars/1]


Processing BarsController#show (for 127.0.0.1 at 2009-07-07 12:45:54) [GET]
  Parameters: {"id"=>"2"}
  [4;36;1mBar Load (0.9ms)[0m   [0;1mSELECT * FROM "bars" WHERE ("bars"."id" = 2) [0m
Rendering template within layouts/bars
Rendering bars/show
Completed in 26ms (View: 7, DB: 1) | 200 OK [http://localhost/bars/2]


Processing BarsController#edit (for 127.0.0.1 at 2009-07-07 12:46:15) [GET]
  Parameters: {"id"=>"1"}
  [4;35;1mBar Load (0.9ms)[0m   [0mSELECT * FROM "bars" WHERE ("bars"."id" = 1) [0m
Rendering template within layouts/bars
Rendering bars/edit
Completed in 42ms (View: 24, DB: 1) | 200 OK [http://localhost/bars/1/edit]


Processing DealsController#index (for 127.0.0.1 at 2009-07-07 12:46:24) [GET]
  [4;36;1mDeal Load (1.5ms)[0m   [0;1mSELECT * FROM "deals" [0m
Rendering template within layouts/deals
Rendering deals/index
Completed in 28ms (View: 13, DB: 1) | 200 OK [http://localhost/deals]
  [4;36;1mSQL (0.7ms)[0m   [0;1m SELECT name
 FROM sqlite_master
 WHERE type = 'table' AND NOT name = 'sqlite_sequence'
[0m
  [4;35;1mSQL (0.2ms)[0m   [0mSELECT version FROM schema_migrations[0m
Migrating to CreateBars (20090707145230)
Migrating to CreateDeals (20090707155730)
  [4;36;1mSQL (0.2ms)[0m   [0;1mselect sqlite_version(*)[0m
  [4;35;1mSQL (0.3ms)[0m   [0m SELECT name
 FROM sqlite_master
 WHERE type = 'table' AND NOT name = 'sqlite_sequence'
[0m
  [4;36;1mSQL (0.2ms)[0m   [0;1mSELECT version FROM schema_migrations[0m
  [4;35;1mSQL (0.3ms)[0m   [0m SELECT name
 FROM sqlite_master
 WHERE type = 'table' AND NOT name = 'sqlite_sequence'
[0m
  [4;36;1mSQL (0.1ms)[0m   [0;1mPRAGMA index_list("bars")[0m
  [4;35;1mSQL (0.1ms)[0m   [0mPRAGMA index_list("deals")[0m


Processing DealsController#index (for 127.0.0.1 at 2009-07-07 13:00:06) [GET]
  [4;36;1mDeal Load (0.9ms)[0m   [0;1mSELECT * FROM "deals" [0m
Rendering template within layouts/deals
Rendering deals/index
Completed in 27ms (View: 19, DB: 1) | 200 OK [http://localhost/deals]


Processing DealsController#new (for 127.0.0.1 at 2009-07-07 13:00:09) [GET]
Rendering template within layouts/deals
Rendering deals/new
Completed in 32ms (View: 17, DB: 0) | 200 OK [http://localhost/deals/new]
  [4;36;1mSQL (0.7ms)[0m   [0;1m SELECT name
 FROM sqlite_master
 WHERE type = 'table' AND NOT name = 'sqlite_sequence'
[0m
  [4;35;1mSQL (0.2ms)[0m   [0mSELECT version FROM schema_migrations[0m
Migrating to CreateBars (20090707145230)
Migrating to CreateDeals (20090707155730)
  [4;36;1mSQL (0.2ms)[0m   [0;1mselect sqlite_version(*)[0m
  [4;35;1mSQL (0.3ms)[0m   [0m SELECT name
 FROM sqlite_master
 WHERE type = 'table' AND NOT name = 'sqlite_sequence'
[0m
  [4;36;1mSQL (0.2ms)[0m   [0;1mSELECT version FROM schema_migrations[0m
  [4;35;1mSQL (0.3ms)[0m   [0m SELECT name
 FROM sqlite_master
 WHERE type = 'table' AND NOT name = 'sqlite_sequence'
[0m
  [4;36;1mSQL (0.1ms)[0m   [0;1mPRAGMA index_list("bars")[0m
  [4;35;1mSQL (0.1ms)[0m   [0mPRAGMA index_list("deals")[0m


Processing DealsController#index (for 127.0.0.1 at 2009-07-07 15:02:07) [GET]
  [4;36;1mDeal Load (1.8ms)[0m   [0;1mSELECT * FROM "deals" [0m
Rendering template within layouts/deals
Rendering deals/index
Completed in 60ms (View: 43, DB: 2) | 200 OK [http://localhost/deals]
  [4;36;1mSQL (0.8ms)[0m   [0;1m SELECT name
 FROM sqlite_master
 WHERE type = 'table' AND NOT name = 'sqlite_sequence'
[0m
  [4;35;1mSQL (0.2ms)[0m   [0mSELECT version FROM schema_migrations[0m
Migrating to CreateBars (20090707145230)
Migrating to CreateDeals (20090707155730)
Migrating to AddBarnameToDeals (20090707191708)
  [4;36;1mSQL (0.1ms)[0m   [0;1mselect sqlite_version(*)[0m
  [4;35;1mSQL (0.6ms)[0m   [0mALTER TABLE "deals" ADD "barname" varchar(255)[0m
  [4;36;1mSQL (0.1ms)[0m   [0;1mINSERT INTO schema_migrations (version) VALUES ('20090707191708')[0m
  [4;35;1mSQL (0.4ms)[0m   [0m SELECT name
 FROM sqlite_master
 WHERE type = 'table' AND NOT name = 'sqlite_sequence'
[0m
  [4;36;1mSQL (0.3ms)[0m   [0;1mSELECT version FROM schema_migrations[0m
  [4;35;1mSQL (0.3ms)[0m   [0m SELECT name
 FROM sqlite_master
 WHERE type = 'table' AND NOT name = 'sqlite_sequence'
[0m
  [4;36;1mSQL (0.1ms)[0m   [0;1mPRAGMA index_list("bars")[0m
  [4;35;1mSQL (0.1ms)[0m   [0mPRAGMA index_list("deals")[0m


Processing DealsController#index (for 127.0.0.1 at 2009-07-07 15:19:10) [GET]
  [4;36;1mDeal Load (1.0ms)[0m   [0;1mSELECT * FROM "deals" [0m
Rendering template within layouts/deals
Rendering deals/index
Completed in 27ms (View: 19, DB: 1) | 200 OK [http://localhost/deals]


Processing DealsController#destroy (for 127.0.0.1 at 2009-07-07 15:19:15) [DELETE]
  Parameters: {"authenticity_token"=>"WFhdoqyW3s/g2nRVTFYvLSacQC9RYO/TO59BXP6Ol+g=", "id"=>"2"}
  [4;35;1mDeal Load (0.7ms)[0m   [0mSELECT * FROM "deals" WHERE ("deals"."id" = 2) [0m
  [4;36;1mDeal Destroy (1.0ms)[0m   [0;1mDELETE FROM "deals" WHERE "id" = 2[0m
Redirected to http://localhost:3000/deals
Completed in 78ms (DB: 2) | 302 Found [http://localhost/deals/2]


Processing DealsController#index (for 127.0.0.1 at 2009-07-07 15:19:15) [GET]
  [4;35;1mDeal Load (0.8ms)[0m   [0mSELECT * FROM "deals" [0m
Rendering template within layouts/deals
Rendering deals/index
Completed in 14ms (View: 7, DB: 1) | 200 OK [http://localhost/deals]


Processing DealsController#destroy (for 127.0.0.1 at 2009-07-07 15:19:17) [DELETE]
  Parameters: {"authenticity_token"=>"WFhdoqyW3s/g2nRVTFYvLSacQC9RYO/TO59BXP6Ol+g=", "id"=>"1"}
  [4;36;1mDeal Load (0.8ms)[0m   [0;1mSELECT * FROM "deals" WHERE ("deals"."id" = 1) [0m
  [4;35;1mDeal Destroy (0.6ms)[0m   [0mDELETE FROM "deals" WHERE "id" = 1[0m
Redirected to http://localhost:3000/deals
Completed in 26ms (DB: 1) | 302 Found [http://localhost/deals/1]


Processing DealsController#index (for 127.0.0.1 at 2009-07-07 15:19:18) [GET]
  [4;36;1mDeal Load (1.0ms)[0m   [0;1mSELECT * FROM "deals" [0m
Rendering template within layouts/deals
Rendering deals/index
Completed in 19ms (View: 3, DB: 1) | 200 OK [http://localhost/deals]


Processing DealsController#new (for 127.0.0.1 at 2009-07-07 15:19:19) [GET]
Rendering template within layouts/deals
Rendering deals/new
Completed in 34ms (View: 18, DB: 0) | 200 OK [http://localhost/deals/new]


Processing DealsController#create (for 127.0.0.1 at 2009-07-07 15:19:24) [POST]
  Parameters: {"commit"=>"Create", "deal"=>{"body"=>"sd;ofisa;dfghas;fg", "bar_id"=>"l;sadkfjs"}, "authenticity_token"=>"WFhdoqyW3s/g2nRVTFYvLSacQC9RYO/TO59BXP6Ol+g="}
  [4;35;1mDeal Create (0.8ms)[0m   [0mINSERT INTO "deals" ("created_at", "barname", "body", "updated_at", "bar_id") VALUES('2009-07-07 19:19:24', NULL, 'sd;ofisa;dfghas;fg', '2009-07-07 19:19:24', 0)[0m
Redirected to http://localhost:3000/deals/3
Completed in 29ms (DB: 1) | 302 Found [http://localhost/deals]


Processing DealsController#show (for 127.0.0.1 at 2009-07-07 15:19:24) [GET]
  Parameters: {"id"=>"3"}
  [4;36;1mDeal Load (0.3ms)[0m   [0;1mSELECT * FROM "deals" WHERE ("deals"."id" = 3) [0m
Rendering template within layouts/deals
Rendering deals/show
Completed in 16ms (View: 7, DB: 0) | 200 OK [http://localhost/deals/3]


Processing DealsController#index (for 127.0.0.1 at 2009-07-07 15:19:26) [GET]
  [4;35;1mDeal Load (1.3ms)[0m   [0mSELECT * FROM "deals" [0m
Rendering template within layouts/deals
Rendering deals/index
Completed in 27ms (View: 12, DB: 1) | 200 OK [http://localhost/deals]


Processing DealsController#destroy (for 127.0.0.1 at 2009-07-07 15:19:29) [DELETE]
  Parameters: {"authenticity_token"=>"WFhdoqyW3s/g2nRVTFYvLSacQC9RYO/TO59BXP6Ol+g=", "id"=>"3"}
  [4;36;1mDeal Load (0.4ms)[0m   [0;1mSELECT * FROM "deals" WHERE ("deals"."id" = 3) [0m
  [4;35;1mDeal Destroy (0.4ms)[0m   [0mDELETE FROM "deals" WHERE "id" = 3[0m
Redirected to http://localhost:3000/deals
Completed in 22ms (DB: 1) | 302 Found [http://localhost/deals/3]


Processing DealsController#index (for 127.0.0.1 at 2009-07-07 15:19:29) [GET]
  [4;36;1mDeal Load (0.9ms)[0m   [0;1mSELECT * FROM "deals" [0m
Rendering template within layouts/deals
Rendering deals/index
Completed in 18ms (View: 3, DB: 1) | 200 OK [http://localhost/deals]


Processing DealsController#index (for 127.0.0.1 at 2009-07-07 15:23:57) [GET]
  [4;35;1mDeal Load (0.5ms)[0m   [0mSELECT * FROM "deals" [0m
Rendering template within layouts/deals
Rendering deals/index
Completed in 16ms (View: 9, DB: 0) | 200 OK [http://localhost/deals]


Processing DealsController#new (for 127.0.0.1 at 2009-07-07 15:23:59) [GET]
Rendering template within layouts/deals
Rendering deals/new
Completed in 35ms (View: 18, DB: 0) | 200 OK [http://localhost/deals/new]


Processing DealsController#create (for 127.0.0.1 at 2009-07-07 15:24:46) [POST]
  Parameters: {"commit"=>"Create", "deal"=>{"barname"=>"Bar Bleu", "body"=>"$1 Pint Tuesdays 7-9pm", "bar_id"=>"0"}, "authenticity_token"=>"WFhdoqyW3s/g2nRVTFYvLSacQC9RYO/TO59BXP6Ol+g="}
  [4;36;1mDeal Create (0.6ms)[0m   [0;1mINSERT INTO "deals" ("created_at", "barname", "body", "updated_at", "bar_id") VALUES('2009-07-07 19:24:46', 'Bar Bleu', '$1 Pint Tuesdays 7-9pm', '2009-07-07 19:24:46', 0)[0m
Redirected to http://localhost:3000/deals/4
Completed in 36ms (DB: 1) | 302 Found [http://localhost/deals]


Processing DealsController#show (for 127.0.0.1 at 2009-07-07 15:24:46) [GET]
  Parameters: {"id"=>"4"}
  [4;35;1mDeal Load (0.7ms)[0m   [0mSELECT * FROM "deals" WHERE ("deals"."id" = 4) [0m
Rendering template within layouts/deals
Rendering deals/show
Completed in 33ms (View: 14, DB: 1) | 200 OK [http://localhost/deals/4]


Processing DealsController#index (for 127.0.0.1 at 2009-07-07 15:24:48) [GET]
  [4;36;1mDeal Load (0.7ms)[0m   [0;1mSELECT * FROM "deals" [0m
Rendering template within layouts/deals
Rendering deals/index
Completed in 14ms (View: 6, DB: 1) | 200 OK [http://localhost/deals]


Processing BarsController#index (for 127.0.0.1 at 2009-07-07 15:25:06) [GET]
  [4;35;1mBar Load (0.9ms)[0m   [0mSELECT * FROM "bars" [0m
Rendering template within layouts/bars
Rendering bars/index
Completed in 29ms (View: 21, DB: 1) | 200 OK [http://localhost/bars]


Processing DealsController#new (for 127.0.0.1 at 2009-07-07 15:25:35) [GET]
Rendering template within layouts/deals
Rendering deals/new
Completed in 26ms (View: 10, DB: 0) | 200 OK [http://localhost/deals/new]


Processing DealsController#create (for 127.0.0.1 at 2009-07-07 15:26:05) [POST]
  Parameters: {"commit"=>"Create", "deal"=>{"barname"=>"The Saloon", "body"=>"25 cent drinks Wednesday 9-11pm on $3 cover", "bar_id"=>"1"}, "authenticity_token"=>"WFhdoqyW3s/g2nRVTFYvLSacQC9RYO/TO59BXP6Ol+g="}
  [4;36;1mDeal Create (0.7ms)[0m   [0;1mINSERT INTO "deals" ("created_at", "barname", "body", "updated_at", "bar_id") VALUES('2009-07-07 19:26:05', 'The Saloon', '25 cent drinks Wednesday 9-11pm on $3 cover', '2009-07-07 19:26:05', 1)[0m
Redirected to http://localhost:3000/deals/5
Completed in 33ms (DB: 1) | 302 Found [http://localhost/deals]


Processing DealsController#show (for 127.0.0.1 at 2009-07-07 15:26:05) [GET]
  Parameters: {"id"=>"5"}
  [4;35;1mDeal Load (0.8ms)[0m   [0mSELECT * FROM "deals" WHERE ("deals"."id" = 5) [0m
Rendering template within layouts/deals
Rendering deals/show
Completed in 25ms (View: 6, DB: 1) | 200 OK [http://localhost/deals/5]


Processing DealsController#index (for 127.0.0.1 at 2009-07-07 15:26:07) [GET]
  [4;36;1mDeal Load (0.9ms)[0m   [0;1mSELECT * FROM "deals" [0m
Rendering template within layouts/deals
Rendering deals/index
Completed in 15ms (View: 7, DB: 1) | 200 OK [http://localhost/deals]


Processing BarsController#index (for 127.0.0.1 at 2009-07-07 15:26:21) [GET]
  [4;35;1mBar Load (1.0ms)[0m   [0mSELECT * FROM "bars" [0m
Rendering template within layouts/bars
Rendering bars/index
Completed in 16ms (View: 8, DB: 1) | 200 OK [http://localhost/bars]


Processing BarsController#new (for 127.0.0.1 at 2009-07-07 15:26:23) [GET]
Rendering template within layouts/bars
Rendering bars/new
Completed in 41ms (View: 23, DB: 0) | 200 OK [http://localhost/bars/new]


Processing BarsController#index (for 127.0.0.1 at 2009-07-07 15:26:25) [GET]
  [4;36;1mBar Load (1.7ms)[0m   [0;1mSELECT * FROM "bars" [0m
Rendering template within layouts/bars
Rendering bars/index
Completed in 32ms (View: 16, DB: 2) | 200 OK [http://localhost/bars]


Processing BarsController#edit (for 127.0.0.1 at 2009-07-07 15:26:29) [GET]
  Parameters: {"id"=>"2"}
  [4;35;1mBar Load (0.4ms)[0m   [0mSELECT * FROM "bars" WHERE ("bars"."id" = 2) [0m
Rendering template within layouts/bars
Rendering bars/edit
Completed in 22ms (View: 12, DB: 0) | 200 OK [http://localhost/bars/2/edit]


Processing BarsController#index (for 127.0.0.1 at 2009-07-07 15:26:31) [GET]
  [4;36;1mBar Load (1.8ms)[0m   [0;1mSELECT * FROM "bars" [0m
Rendering template within layouts/bars
Rendering bars/index
Completed in 32ms (View: 16, DB: 2) | 200 OK [http://localhost/bars]


Processing BarsController#show (for 127.0.0.1 at 2009-07-07 15:26:48) [GET]
  Parameters: {"id"=>"1"}
  [4;35;1mBar Load (0.8ms)[0m   [0mSELECT * FROM "bars" WHERE ("bars"."id" = 1) [0m
Rendering template within layouts/bars
Rendering bars/show
Completed in 36ms (View: 16, DB: 1) | 200 OK [http://localhost/bars/1]


Processing BarsController#edit (for 127.0.0.1 at 2009-07-07 15:26:52) [GET]
  Parameters: {"id"=>"1"}
  [4;36;1mBar Load (0.8ms)[0m   [0;1mSELECT * FROM "bars" WHERE ("bars"."id" = 1) [0m
Rendering template within layouts/bars
Rendering bars/edit
Completed in 35ms (View: 16, DB: 1) | 200 OK [http://localhost/bars/1/edit]


Processing DealsController#index (for 127.0.0.1 at 2009-07-07 15:27:01) [GET]
  [4;35;1mDeal Load (0.8ms)[0m   [0mSELECT * FROM "deals" [0m
Rendering template within layouts/deals
Rendering deals/index
Completed in 15ms (View: 7, DB: 1) | 200 OK [http://localhost/deals]


Processing DealsController#index (for 127.0.0.1 at 2009-07-07 15:28:54) [GET]
  [4;36;1mDeal Load (1.6ms)[0m   [0;1mSELECT * FROM "deals" [0m
Rendering template within layouts/deals
Rendering deals/index
ERROR: compiling _run_erb_app47views47deals47index46html46erb RAISED compile error
/home/elliott/rails_apps/bars/app/views/deals/index.html.erb:15: syntax error, unexpected tASSOC, expecting ')'
...@output_buffer.concat(( " " =><%= link_to 'Destroy', deal, :...
                              ^
/home/elliott/rails_apps/bars/app/views/deals/index.html.erb:15: syntax error, unexpected ',', expecting ')'
..., :confirm => 'Are you sure?', :method => :delete ).to_s); @...
                              ^
Function body:           def _run_erb_app47views47deals47index46html46erb(local_assigns)
            old_output_buffer = output_buffer;;@output_buffer = '';  __in_erb_template=true ; @output_buffer.concat "<h1>Listing deals</h1>\n\n<table border=\"1\">\n  <tr>\n    <th>Bar</th>\n    <th>BarName</th>\n    <th>Body</th>\n  </tr>\n\n"








;  @deals.each do |deal| ; @output_buffer.concat "\n  <tr>\n    <td>"

; @output_buffer.concat((h deal.bar_id ).to_s); @output_buffer.concat "</td>\n    <td>"
; @output_buffer.concat((h deal.barname ).to_s); @output_buffer.concat "</td>\n    <td>"
; @output_buffer.concat((h deal.body ).to_s); @output_buffer.concat "</td>\n    <td>"
; @output_buffer.concat(( link_to 'Show', deal ).to_s); @output_buffer.concat(( " " ).to_s); @output_buffer.concat(( link_to 'Edit', edit_deal_path(deal) ).to_s); @output_buffer.concat(( " " =><%= link_to 'Destroy', deal, :confirm => 'Are you sure?', :method => :delete ).to_s); @output_buffer.concat "</td>\n  </tr>\n"

;  end ; @output_buffer.concat "\n</table>\n\n<br />\n\n"




; @output_buffer.concat(( link_to 'New deal', new_deal_path ).to_s); @output_buffer.concat "\n"
; @output_buffer
          ensure
            self.output_buffer = old_output_buffer
          end
Backtrace: /home/elliott/rails_apps/bars/app/views/deals/index.html.erb:26:in `compile!'
/usr/lib/ruby/gems/1.8/gems/actionpack-2.3.2/lib/action_view/renderable.rb:61:in `compile'
/usr/lib/ruby/gems/1.8/gems/actionpack-2.3.2/lib/action_view/renderable.rb:28:in `render'
/usr/lib/ruby/gems/1.8/gems/actionpack-2.3.2/lib/action_view/template.rb:194:in `render_template'
/usr/lib/ruby/gems/1.8/gems/actionpack-2.3.2/lib/action_view/base.rb:260:in `render'
/usr/lib/ruby/gems/1.8/gems/actionpack-2.3.2/lib/action_view/base.rb:343:in `_render_with_layout'
/usr/lib/ruby/gems/1.8/gems/actionpack-2.3.2/lib/action_view/base.rb:257:in `render'
/usr/lib/ruby/gems/1.8/gems/actionpack-2.3.2/lib/action_controller/base.rb:1241:in `render_for_file'
/usr/lib/ruby/gems/1.8/gems/actionpack-2.3.2/lib/action_controller/base.rb:943:in `render_without_benchmark'
/usr/lib/ruby/gems/1.8/gems/actionpack-2.3.2/lib/action_controller/benchmarking.rb:51:in `render'
/usr/lib/ruby/gems/1.8/gems/activesupport-2.3.2/lib/active_support/core_ext/benchmark.rb:17:in `ms'
/usr/lib/ruby/1.8/benchmark.rb:308:in `realtime'
/usr/lib/ruby/gems/1.8/gems/activesupport-2.3.2/lib/active_support/core_ext/benchmark.rb:17:in `ms'
/usr/lib/ruby/gems/1.8/gems/actionpack-2.3.2/lib/action_controller/benchmarking.rb:51:in `render'
/usr/lib/ruby/gems/1.8/gems/actionpack-2.3.2/lib/action_controller/mime_responds.rb:135:in `send'
/usr/lib/ruby/gems/1.8/gems/actionpack-2.3.2/lib/action_controller/mime_responds.rb:135:in `custom'
/usr/lib/ruby/gems/1.8/gems/actionpack-2.3.2/lib/action_controller/mime_responds.rb:179:in `call'
/usr/lib/ruby/gems/1.8/gems/actionpack-2.3.2/lib/action_controller/mime_responds.rb:179:in `respond'
/usr/lib/ruby/gems/1.8/gems/actionpack-2.3.2/lib/action_controller/mime_responds.rb:173:in `each'
/usr/lib/ruby/gems/1.8/gems/actionpack-2.3.2/lib/action_controller/mime_responds.rb:173:in `respond'
/usr/lib/ruby/gems/1.8/gems/actionpack-2.3.2/lib/action_controller/mime_responds.rb:107:in `respond_to'
/home/elliott/rails_apps/bars/app/controllers/deals_controller.rb:7:in `index'
/usr/lib/ruby/gems/1.8/gems/actionpack-2.3.2/lib/action_controller/base.rb:1322:in `send'
/usr/lib/ruby/gems/1.8/gems/actionpack-2.3.2/lib/action_controller/base.rb:1322:in `perform_action_without_filters'
/usr/lib/ruby/gems/1.8/gems/actionpack-2.3.2/lib/action_controller/filters.rb:617:in `call_filters'
/usr/lib/ruby/gems/1.8/gems/actionpack-2.3.2/lib/action_controller/filters.rb:610:in `perform_action_without_benchmark'
/usr/lib/ruby/gems/1.8/gems/actionpack-2.3.2/lib/action_controller/benchmarking.rb:68:in `perform_action_without_rescue'
/usr/lib/ruby/gems/1.8/gems/activesupport-2.3.2/lib/active_support/core_ext/benchmark.rb:17:in `ms'
/usr/lib/ruby/1.8/benchmark.rb:308:in `realtime'
/usr/lib/ruby/gems/1.8/gems/activesupport-2.3.2/lib/active_support/core_ext/benchmark.rb:17:in `ms'
/usr/lib/ruby/gems/1.8/gems/actionpack-2.3.2/lib/action_controller/benchmarking.rb:68:in `perform_action_without_rescue'
/usr/lib/ruby/gems/1.8/gems/actionpack-2.3.2/lib/action_controller/rescue.rb:160:in `perform_action_without_flash'
/usr/lib/ruby/gems/1.8/gems/actionpack-2.3.2/lib/action_controller/flash.rb:141:in `perform_action'
/usr/lib/ruby/gems/1.8/gems/actionpack-2.3.2/lib/action_controller/base.rb:523:in `send'
/usr/lib/ruby/gems/1.8/gems/actionpack-2.3.2/lib/action_controller/base.rb:523:in `process_without_filters'
/usr/lib/ruby/gems/1.8/gems/actionpack-2.3.2/lib/action_controller/filters.rb:606:in `process'
/usr/lib/ruby/gems/1.8/gems/actionpack-2.3.2/lib/action_controller/base.rb:391:in `process'
/usr/lib/ruby/gems/1.8/gems/actionpack-2.3.2/lib/action_controller/base.rb:386:in `call'
/usr/lib/ruby/gems/1.8/gems/actionpack-2.3.2/lib/action_controller/routing/route_set.rb:433:in `call'
/usr/lib/ruby/gems/1.8/gems/actionpack-2.3.2/lib/action_controller/dispatcher.rb:88:in `dispatch'
/usr/lib/ruby/gems/1.8/gems/actionpack-2.3.2/lib/action_controller/dispatcher.rb:111:in `_call'
/usr/lib/ruby/gems/1.8/gems/actionpack-2.3.2/lib/action_controller/dispatcher.rb:82:in `initialize'
/usr/lib/ruby/gems/1.8/gems/activerecord-2.3.2/lib/active_record/query_cache.rb:29:in `call'
/usr/lib/ruby/gems/1.8/gems/activerecord-2.3.2/lib/active_record/query_cache.rb:29:in `call'
/usr/lib/ruby/gems/1.8/gems/activerecord-2.3.2/lib/active_record/connection_adapters/abstract/query_cache.rb:34:in `cache'
/usr/lib/ruby/gems/1.8/gems/activerecord-2.3.2/lib/active_record/query_cache.rb:9:in `cache'
/usr/lib/ruby/gems/1.8/gems/activerecord-2.3.2/lib/active_record/query_cache.rb:28:in `call'
/usr/lib/ruby/gems/1.8/gems/activerecord-2.3.2/lib/active_record/connection_adapters/abstract/connection_pool.rb:361:in `call'
/usr/lib/ruby/gems/1.8/gems/actionpack-2.3.2/lib/action_controller/vendor/rack-1.0/rack/head.rb:9:in `call'
/usr/lib/ruby/gems/1.8/gems/actionpack-2.3.2/lib/action_controller/vendor/rack-1.0/rack/methodoverride.rb:24:in `call'
/usr/lib/ruby/gems/1.8/gems/actionpack-2.3.2/lib/action_controller/params_parser.rb:15:in `call'
/usr/lib/ruby/gems/1.8/gems/actionpack-2.3.2/lib/action_controller/rewindable_input.rb:25:in `call'
/usr/lib/ruby/gems/1.8/gems/actionpack-2.3.2/lib/action_controller/session/cookie_store.rb:93:in `call'
/usr/lib/ruby/gems/1.8/gems/actionpack-2.3.2/lib/action_controller/reloader.rb:9:in `call'
/usr/lib/ruby/gems/1.8/gems/actionpack-2.3.2/lib/action_controller/failsafe.rb:11:in `call'
/usr/lib/ruby/gems/1.8/gems/actionpack-2.3.2/lib/action_controller/vendor/rack-1.0/rack/lock.rb:11:in `call'
/usr/lib/ruby/gems/1.8/gems/actionpack-2.3.2/lib/action_controller/vendor/rack-1.0/rack/lock.rb:11:in `synchronize'
/usr/lib/ruby/gems/1.8/gems/actionpack-2.3.2/lib/action_controller/vendor/rack-1.0/rack/lock.rb:11:in `call'
/usr/lib/ruby/gems/1.8/gems/actionpack-2.3.2/lib/action_controller/dispatcher.rb:106:in `call'
/usr/lib/ruby/gems/1.8/gems/rails-2.3.2/lib/rails/rack/static.rb:31:in `call'
/usr/lib/ruby/gems/1.8/gems/actionpack-2.3.2/lib/action_controller/vendor/rack-1.0/rack/urlmap.rb:46:in `call'
/usr/lib/ruby/gems/1.8/gems/actionpack-2.3.2/lib/action_controller/vendor/rack-1.0/rack/urlmap.rb:40:in `each'
/usr/lib/ruby/gems/1.8/gems/actionpack-2.3.2/lib/action_controller/vendor/rack-1.0/rack/urlmap.rb:40:in `call'
/usr/lib/ruby/gems/1.8/gems/rails-2.3.2/lib/rails/rack/log_tailer.rb:17:in `call'
/usr/lib/ruby/gems/1.8/gems/actionpack-2.3.2/lib/action_controller/vendor/rack-1.0/rack/content_length.rb:13:in `call'
/usr/lib/ruby/gems/1.8/gems/actionpack-2.3.2/lib/action_controller/vendor/rack-1.0/rack/handler/webrick.rb:46:in `service'
/usr/lib/ruby/1.8/webrick/httpserver.rb:104:in `service'
/usr/lib/ruby/1.8/webrick/httpserver.rb:65:in `run'
/usr/lib/ruby/1.8/webrick/server.rb:173:in `start_thread'
/usr/lib/ruby/1.8/webrick/server.rb:162:in `start'
/usr/lib/ruby/1.8/webrick/server.rb:162:in `start_thread'
/usr/lib/ruby/1.8/webrick/server.rb:95:in `start'
/usr/lib/ruby/1.8/webrick/server.rb:92:in `each'
/usr/lib/ruby/1.8/webrick/server.rb:92:in `start'
/usr/lib/ruby/1.8/webrick/server.rb:23:in `start'
/usr/lib/ruby/1.8/webrick/server.rb:82:in `start'
/usr/lib/ruby/gems/1.8/gems/actionpack-2.3.2/lib/action_controller/vendor/rack-1.0/rack/handler/webrick.rb:13:in `run'
/usr/lib/ruby/gems/1.8/gems/rails-2.3.2/lib/commands/server.rb:111
/usr/local/lib/site_ruby/1.8/rubygems/custom_require.rb:31:in `gem_original_require'
/usr/local/lib/site_ruby/1.8/rubygems/custom_require.rb:31:in `require'
./script/server:3

ActionView::TemplateError (compile error
/home/elliott/rails_apps/bars/app/views/deals/index.html.erb:15: syntax error, unexpected tASSOC, expecting ')'
...@output_buffer.concat(( " " =><%= link_to 'Destroy', deal, :...
                              ^
/home/elliott/rails_apps/bars/app/views/deals/index.html.erb:15: syntax error, unexpected ',', expecting ')'
..., :confirm => 'Are you sure?', :method => :delete ).to_s); @...
                              ^) on line #15 of app/views/deals/index.html.erb:
12:     <td><%=h deal.bar_id %></td>
13:     <td><%=h deal.barname %></td>
14:     <td><%=h deal.body %></td>
15:     <td><%= link_to 'Show', deal %><%= " " %><%= link_to 'Edit', edit_deal_path(deal) %><%= " " =><%= link_to 'Destroy', deal, :confirm => 'Are you sure?', :method => :delete %></td>
16:   </tr>
17: <% end %>
18: </table>

    app/views/deals/index.html.erb:26:in `compile!'
    app/controllers/deals_controller.rb:7:in `index'
    /usr/lib/ruby/1.8/webrick/httpserver.rb:104:in `service'
    /usr/lib/ruby/1.8/webrick/httpserver.rb:65:in `run'
    /usr/lib/ruby/1.8/webrick/server.rb:173:in `start_thread'
    /usr/lib/ruby/1.8/webrick/server.rb:162:in `start'
    /usr/lib/ruby/1.8/webrick/server.rb:162:in `start_thread'
    /usr/lib/ruby/1.8/webrick/server.rb:95:in `start'
    /usr/lib/ruby/1.8/webrick/server.rb:92:in `each'
    /usr/lib/ruby/1.8/webrick/server.rb:92:in `start'
    /usr/lib/ruby/1.8/webrick/server.rb:23:in `start'
    /usr/lib/ruby/1.8/webrick/server.rb:82:in `start'

Rendered rescues/_trace (179.5ms)
Rendered rescues/_request_and_response (2.1ms)
Rendering rescues/layout (internal_server_error)


Processing DealsController#index (for 127.0.0.1 at 2009-07-07 15:29:36) [GET]
  [4;35;1mDeal Load (1.6ms)[0m   [0mSELECT * FROM "deals" [0m
Rendering template within layouts/deals
Rendering deals/index
Completed in 34ms (View: 18, DB: 2) | 200 OK [http://localhost/deals]


Processing DealsController#index (for 127.0.0.1 at 2009-07-07 15:30:00) [GET]
  [4;36;1mDeal Load (1.6ms)[0m   [0;1mSELECT * FROM "deals" [0m
Rendering template within layouts/deals
Rendering deals/index
Completed in 33ms (View: 18, DB: 2) | 200 OK [http://localhost/deals]


Processing BarsController#index (for 127.0.0.1 at 2009-07-07 15:30:07) [GET]
  [4;35;1mBar Load (0.9ms)[0m   [0mSELECT * FROM "bars" [0m
Rendering template within layouts/bars
Rendering bars/index
Completed in 17ms (View: 9, DB: 1) | 200 OK [http://localhost/bars]


Processing DealsController#index (for 127.0.0.1 at 2009-07-07 15:30:22) [GET]
  [4;36;1mDeal Load (0.9ms)[0m   [0;1mSELECT * FROM "deals" [0m
Rendering template within layouts/deals
Rendering deals/index
Completed in 15ms (View: 7, DB: 1) | 200 OK [http://localhost/deals]


Processing DealsController#show (for 127.0.0.1 at 2009-07-07 15:30:24) [GET]
  Parameters: {"id"=>"4"}
  [4;35;1mDeal Load (0.7ms)[0m   [0mSELECT * FROM "deals" WHERE ("deals"."id" = 4) [0m
Rendering template within layouts/deals
Rendering deals/show
Completed in 24ms (View: 6, DB: 1) | 200 OK [http://localhost/deals/4]


Processing DealsController#show (for 127.0.0.1 at 2009-07-07 15:32:53) [GET]
  Parameters: {"id"=>"4"}
  [4;36;1mDeal Load (0.7ms)[0m   [0;1mSELECT * FROM "deals" WHERE ("deals"."id" = 4) [0m
Rendering template within layouts/deals
Rendering deals/show
Completed in 33ms (View: 15, DB: 1) | 200 OK [http://localhost/deals/4]


Processing DealsController#index (for 127.0.0.1 at 2009-07-07 15:32:55) [GET]
  [4;35;1mDeal Load (0.8ms)[0m   [0mSELECT * FROM "deals" [0m
Rendering template within layouts/deals
Rendering deals/index
Completed in 14ms (View: 7, DB: 1) | 200 OK [http://localhost/deals]


Processing DealsController#show (for 127.0.0.1 at 2009-07-07 15:32:58) [GET]
  Parameters: {"id"=>"5"}
  [4;36;1mDeal Load (0.7ms)[0m   [0;1mSELECT * FROM "deals" WHERE ("deals"."id" = 5) [0m
Rendering template within layouts/deals
Rendering deals/show
Completed in 24ms (View: 6, DB: 1) | 200 OK [http://localhost/deals/5]


Processing BarsController#index (for 127.0.0.1 at 2009-07-07 15:33:26) [GET]
  [4;35;1mBar Load (1.0ms)[0m   [0mSELECT * FROM "bars" [0m
Rendering template within layouts/bars
Rendering bars/index
Completed in 17ms (View: 9, DB: 1) | 200 OK [http://localhost/bars]


Processing DealsController#index (for 127.0.0.1 at 2009-07-07 15:33:54) [GET]
  [4;36;1mDeal Load (1.6ms)[0m   [0;1mSELECT * FROM "deals" [0m
Rendering template within layouts/deals
Rendering deals/index
Completed in 30ms (View: 14, DB: 2) | 200 OK [http://localhost/deals]


Processing DealsController#show (for 127.0.0.1 at 2009-07-07 15:33:57) [GET]
  Parameters: {"id"=>"4"}
  [4;35;1mDeal Load (0.7ms)[0m   [0mSELECT * FROM "deals" WHERE ("deals"."id" = 4) [0m
Rendering template within layouts/deals
Rendering deals/show
Completed in 32ms (View: 14, DB: 1) | 200 OK [http://localhost/deals/4]
